<?xml version="1.0" encoding="UTF-8"?>
<testsuites name="Booking" time="5.634" tests="1" failures="0" errors="0">
   <testsuite name="Booking" tests="1" failures="0" errors="0" time="5.634" skipped="0" timestamp="13-02-2024T15:16:44" hostname="piawaitrisulo - localhost" id="Test Suites/Booking">
      <properties>
         <property name="deviceName" value=""/>
         <property name="devicePlatform" value=""/>
         <property name="logFolder" value="/Users/jalu/git/Final_Assignment_API/Reports/20240213_151638/Booking/20240213_151639"/>
         <property name="logFiles" value="/Users/jalu/git/Final_Assignment_API/Reports/20240213_151638/Booking/20240213_151639/execution0.log"/>
         <property name="attachments" value=""/>
         <property name="hostName" value="piawaitrisulo - localhost"/>
         <property name="hostAddress" value="127.0.0.1"/>
         <property name="os" value="Mac OS X 64bit"/>
         <property name="katalonVersion" value="9.3.0.212"/>
      </properties>
      <testcase name="Test Cases/ChainBooking" time="5.567" classname="Test Cases/ChainBooking" status="PASSED">
         <system-out><![CDATA[13-02-2024T15:16:44 - [TEST_CASE][PASSED] - Test Cases/ChainBooking: Test Cases/ChainBooking

13-02-2024T15:16:44 - [TEST_STEP][PASSED] - createBooking = sendRequest(findTestObject("Object Repository/CreateBooking")): Send request successfully

13-02-2024T15:16:46 - [MESSAGE][INFO] - HAR: /Users/jalu/git/Final_Assignment_API/Reports/20240213_151638/Booking/20240213_151639/requests/main/0.har

13-02-2024T15:16:46 - [MESSAGE][PASSED] - Send request successfully

13-02-2024T15:16:46 - [TEST_STEP][PASSED] - bookingId = 0: null

13-02-2024T15:16:46 - [TEST_STEP][PASSED] - if (verifyResponseStatusCode(createBooking, 200)): null

13-02-2024T15:16:46 - [MESSAGE][PASSED] - Verify response status code successfully

13-02-2024T15:16:46 - [TEST_STEP][PASSED] - bookingId = getElementPropertyValue(createBooking, "bookingid"): null

13-02-2024T15:16:46 - [TEST_STEP][PASSED] - getBooking = sendRequest(findTestObject("Object Repository/GetBooking", ["id":bookingId])): Send request successfully

13-02-2024T15:16:47 - [MESSAGE][INFO] - HAR: /Users/jalu/git/Final_Assignment_API/Reports/20240213_151638/Booking/20240213_151639/requests/main/1.har

13-02-2024T15:16:47 - [MESSAGE][PASSED] - Send request successfully

13-02-2024T15:16:47 - [TEST_STEP][PASSED] - bookingid = bookingId: null]]></system-out>
         <system-err><![CDATA[]]></system-err>
      </testcase>
      <system-out><![CDATA[13-02-2024T15:16:44 - [TEST_SUITE][PASSED] - Booking: Test Cases/ChainBooking]]></system-out>
      <system-err><![CDATA[]]></system-err>
   </testsuite>
</testsuites>
