<?xml version="1.0" encoding="UTF-8"?>
<testsuites name="Booking" time="4.27" tests="1" failures="0" errors="0">
   <testsuite name="Booking" tests="1" failures="0" errors="0" time="4.27" skipped="0" timestamp="13-02-2024T15:16:03" hostname="piawaitrisulo - localhost" id="Test Suites/Booking">
      <properties>
         <property name="deviceName" value=""/>
         <property name="devicePlatform" value=""/>
         <property name="logFolder" value="/Users/jalu/git/Final_Assignment_API/Reports/20240213_151559/Booking/20240213_151559"/>
         <property name="logFiles" value="/Users/jalu/git/Final_Assignment_API/Reports/20240213_151559/Booking/20240213_151559/execution0.log"/>
         <property name="attachments" value=""/>
         <property name="hostName" value="piawaitrisulo - localhost"/>
         <property name="hostAddress" value="127.0.0.1"/>
         <property name="os" value="Mac OS X 64bit"/>
         <property name="katalonVersion" value="9.3.0.212"/>
      </properties>
      <testcase name="Test Cases/GetBooking" time="4.205" classname="Test Cases/GetBooking" status="PASSED">
         <system-out><![CDATA[13-02-2024T15:16:03 - [TEST_CASE][PASSED] - Test Cases/GetBooking: Test Cases/GetBooking

13-02-2024T15:16:03 - [TEST_STEP][PASSED] - response = sendRequest(findTestObject("GetBooking")): Send request successfully

13-02-2024T15:16:05 - [MESSAGE][INFO] - HAR: /Users/jalu/git/Final_Assignment_API/Reports/20240213_151559/Booking/20240213_151559/requests/main/0.har

13-02-2024T15:16:05 - [MESSAGE][PASSED] - Send request successfully

13-02-2024T15:16:05 - [TEST_STEP][PASSED] - verifyResponseStatusCode(response, 200): Verify response status code successfully

13-02-2024T15:16:05 - [MESSAGE][PASSED] - Verify response status code successfully]]></system-out>
         <system-err><![CDATA[]]></system-err>
      </testcase>
      <system-out><![CDATA[13-02-2024T15:16:03 - [TEST_SUITE][PASSED] - Booking: Test Cases/GetBooking]]></system-out>
      <system-err><![CDATA[]]></system-err>
   </testsuite>
</testsuites>
