<?xml version="1.0" encoding="UTF-8"?>
<testsuites name="Booking" time="4.549" tests="1" failures="0" errors="0">
   <testsuite name="Booking" tests="1" failures="0" errors="0" time="4.549" skipped="0" timestamp="13-02-2024T15:15:19" hostname="piawaitrisulo - localhost" id="Test Suites/Booking">
      <properties>
         <property name="deviceName" value=""/>
         <property name="devicePlatform" value=""/>
         <property name="logFolder" value="/Users/jalu/git/Final_Assignment_API/Reports/20240213_151515/Booking/20240213_151515"/>
         <property name="logFiles" value="/Users/jalu/git/Final_Assignment_API/Reports/20240213_151515/Booking/20240213_151515/execution0.log"/>
         <property name="attachments" value=""/>
         <property name="hostName" value="piawaitrisulo - localhost"/>
         <property name="hostAddress" value="127.0.0.1"/>
         <property name="os" value="Mac OS X 64bit"/>
         <property name="katalonVersion" value="9.3.0.212"/>
      </properties>
      <testcase name="Test Cases/CreateBooking" time="4.473" classname="Test Cases/CreateBooking" status="PASSED">
         <system-out><![CDATA[13-02-2024T15:15:19 - [TEST_CASE][PASSED] - Test Cases/CreateBooking: Test Cases/CreateBooking

13-02-2024T15:15:20 - [TEST_STEP][PASSED] - response = sendRequest(findTestObject("CreateBooking")): Send request successfully

13-02-2024T15:15:22 - [MESSAGE][INFO] - HAR: /Users/jalu/git/Final_Assignment_API/Reports/20240213_151515/Booking/20240213_151515/requests/main/0.har

13-02-2024T15:15:22 - [MESSAGE][PASSED] - Send request successfully

13-02-2024T15:15:22 - [TEST_STEP][PASSED] - verifyResponseStatusCode(response, 200): Verify response status code successfully

13-02-2024T15:15:22 - [MESSAGE][PASSED] - Verify response status code successfully]]></system-out>
         <system-err><![CDATA[]]></system-err>
      </testcase>
      <system-out><![CDATA[13-02-2024T15:15:19 - [TEST_SUITE][PASSED] - Booking: Test Cases/CreateBooking]]></system-out>
      <system-err><![CDATA[]]></system-err>
   </testsuite>
</testsuites>
